<?xml version="1.0" encoding="UTF-8"?>
<!-- Generated by org.testng.reporters.JUnitXMLReporter -->
<testsuite ignored="2" hostname="Deepak" failures="0" tests="1" name="Cycle" time="0.261" errors="0" timestamp="2024-09-18T20:20:44 IST">
  <testcase classname="com.framework.testng.testCases.TC_003_Login" name="verifyPayment" time="0.02"/>
  <testcase classname="com.framework.testng.testCases.TC_003_Login" name="Login" time="0.0">
    <ignored/>
  </testcase> <!-- Login -->
  <testcase classname="com.framework.testng.testCases.TC_003_Login" name="validateDate" time="0.0">
    <ignored/>
  </testcase> <!-- validateDate -->
</testsuite> <!-- Cycle -->
