<?xml version="1.0" encoding="UTF-8"?>
<!-- Generated by org.testng.reporters.JUnitXMLReporter -->
<testsuite ignored="0" hostname="Deepak" failures="0" tests="3" name="Default test" time="0.319" errors="0" timestamp="2024-09-19T17:05:50 IST">
  <testcase classname="com.framework.testng.testCases.TC_006_CreateOrgTest" name="CreateOrgTest" time="0.054"/>
  <testcase classname="com.framework.testng.testCases.TC_006_CreateOrgTest" name="CreateOrgWithIndustriesTest" time="0.004"/>
  <testcase classname="com.framework.testng.testCases.TC_006_CreateOrgTest" name="CreateOrgWithRatingTest" time="0.005"/>
</testsuite> <!-- Default test -->
