<?xml version="1.0" encoding="UTF-8"?>
<testng-results ignored="0" total="3" passed="3" failed="0" skipped="0">
  <reporter-output>
  </reporter-output>
  <suite started-at="2024-09-19T17:05:49 IST" name="Default suite" finished-at="2024-09-19T17:05:50 IST" duration-ms="319">
    <groups>
    </groups>
    <test started-at="2024-09-19T17:05:49 IST" name="Default test" finished-at="2024-09-19T17:05:50 IST" duration-ms="319">
      <class name="com.framework.testng.testCases.TC_006_CreateOrgTest">
        <test-method is-config="true" signature="configBC()[pri:0, instance:com.framework.testng.testCases.TC_006_CreateOrgTest@48c76607]" started-at="2024-09-19T17:05:49 IST" name="configBC" finished-at="2024-09-19T17:05:49 IST" duration-ms="16" status="PASS">
          <reporter-output>
          </reporter-output>
        </test-method> <!-- configBC -->
        <test-method is-config="true" signature="configBM()[pri:0, instance:com.framework.testng.testCases.TC_006_CreateOrgTest@48c76607]" started-at="2024-09-19T17:05:49 IST" name="configBM" finished-at="2024-09-19T17:05:49 IST" duration-ms="1" status="PASS">
          <reporter-output>
          </reporter-output>
        </test-method> <!-- configBM -->
        <test-method signature="CreateOrgTest()[pri:0, instance:com.framework.testng.testCases.TC_006_CreateOrgTest@48c76607]" started-at="2024-09-19T17:05:49 IST" name="CreateOrgTest" finished-at="2024-09-19T17:05:49 IST" duration-ms="54" status="PASS">
          <reporter-output>
          </reporter-output>
        </test-method> <!-- CreateOrgTest -->
        <test-method is-config="true" signature="configAM()[pri:0, instance:com.framework.testng.testCases.TC_006_CreateOrgTest@48c76607]" started-at="2024-09-19T17:05:49 IST" name="configAM" finished-at="2024-09-19T17:05:49 IST" duration-ms="2" status="PASS">
          <reporter-output>
          </reporter-output>
        </test-method> <!-- configAM -->
        <test-method is-config="true" signature="configBM()[pri:0, instance:com.framework.testng.testCases.TC_006_CreateOrgTest@48c76607]" started-at="2024-09-19T17:05:49 IST" name="configBM" finished-at="2024-09-19T17:05:49 IST" duration-ms="1" status="PASS">
          <reporter-output>
          </reporter-output>
        </test-method> <!-- configBM -->
        <test-method signature="CreateOrgWithIndustriesTest()[pri:0, instance:com.framework.testng.testCases.TC_006_CreateOrgTest@48c76607]" started-at="2024-09-19T17:05:49 IST" name="CreateOrgWithIndustriesTest" finished-at="2024-09-19T17:05:49 IST" duration-ms="4" status="PASS">
          <reporter-output>
          </reporter-output>
        </test-method> <!-- CreateOrgWithIndustriesTest -->
        <test-method is-config="true" signature="configAM()[pri:0, instance:com.framework.testng.testCases.TC_006_CreateOrgTest@48c76607]" started-at="2024-09-19T17:05:49 IST" name="configAM" finished-at="2024-09-19T17:05:49 IST" duration-ms="1" status="PASS">
          <reporter-output>
          </reporter-output>
        </test-method> <!-- configAM -->
        <test-method is-config="true" signature="configBM()[pri:0, instance:com.framework.testng.testCases.TC_006_CreateOrgTest@48c76607]" started-at="2024-09-19T17:05:49 IST" name="configBM" finished-at="2024-09-19T17:05:49 IST" duration-ms="0" status="PASS">
          <reporter-output>
          </reporter-output>
        </test-method> <!-- configBM -->
        <test-method signature="CreateOrgWithRatingTest()[pri:0, instance:com.framework.testng.testCases.TC_006_CreateOrgTest@48c76607]" started-at="2024-09-19T17:05:49 IST" name="CreateOrgWithRatingTest" finished-at="2024-09-19T17:05:50 IST" duration-ms="5" status="PASS">
          <reporter-output>
          </reporter-output>
        </test-method> <!-- CreateOrgWithRatingTest -->
        <test-method is-config="true" signature="configAM()[pri:0, instance:com.framework.testng.testCases.TC_006_CreateOrgTest@48c76607]" started-at="2024-09-19T17:05:50 IST" name="configAM" finished-at="2024-09-19T17:05:50 IST" duration-ms="0" status="PASS">
          <reporter-output>
          </reporter-output>
        </test-method> <!-- configAM -->
        <test-method is-config="true" signature="configAC()[pri:0, instance:com.framework.testng.testCases.TC_006_CreateOrgTest@48c76607]" started-at="2024-09-19T17:05:50 IST" name="configAC" finished-at="2024-09-19T17:05:50 IST" duration-ms="1" status="PASS">
          <reporter-output>
          </reporter-output>
        </test-method> <!-- configAC -->
      </class> <!-- com.framework.testng.testCases.TC_006_CreateOrgTest -->
    </test> <!-- Default test -->
  </suite> <!-- Default suite -->
</testng-results>
