<?xml version="1.0" encoding="UTF-8"?>
<testng-results ignored="0" total="2" passed="2" failed="0" skipped="0">
  <reporter-output>
  </reporter-output>
  <suite started-at="2024-09-20T17:43:26 IST" name="Default suite" finished-at="2024-09-20T17:43:26 IST" duration-ms="235">
    <groups>
    </groups>
    <test started-at="2024-09-20T17:43:26 IST" name="Default test" finished-at="2024-09-20T17:43:26 IST" duration-ms="235">
      <class name="com.framework.testng.testCases.TC_009_Factory">
        <test-method signature="testMethod()[pri:0, instance:com.framework.testng.testCases.TC_009_Factory@2205a05d, instance params:[]]" started-at="2024-09-20T17:43:26 IST" name="testMethod" finished-at="2024-09-20T17:43:26 IST" duration-ms="79" status="PASS">
          <reporter-output>
          </reporter-output>
        </test-method> <!-- testMethod -->
        <test-method signature="testMethod()[pri:0, instance:com.framework.testng.testCases.TC_009_Factory@44be0077, instance params:[]]" started-at="2024-09-20T17:43:26 IST" name="testMethod" finished-at="2024-09-20T17:43:26 IST" duration-ms="2" status="PASS">
          <reporter-output>
          </reporter-output>
        </test-method> <!-- testMethod -->
      </class> <!-- com.framework.testng.testCases.TC_009_Factory -->
    </test> <!-- Default test -->
  </suite> <!-- Default suite -->
</testng-results>
